[debug] [2021-05-16T08:09:27.280Z] ----------------------------------------------------------------------
[debug] [2021-05-16T08:09:27.282Z] Command:       /usr/local/Cellar/node/15.12.0/bin/node /usr/local/bin/firebase init
[debug] [2021-05-16T08:09:27.282Z] CLI Version:   9.10.2
[debug] [2021-05-16T08:09:27.282Z] Platform:      darwin
[debug] [2021-05-16T08:09:27.282Z] Node Version:  v15.12.0
[debug] [2021-05-16T08:09:27.284Z] Time:          Sun May 16 2021 10:09:27 GMT+0200 (Central European Summer Time)
[debug] [2021-05-16T08:09:27.284Z] ----------------------------------------------------------------------
[debug] 
[debug] [2021-05-16T08:09:27.288Z] > command requires scopes: ["email","openid","https://www.googleapis.com/auth/cloudplatformprojects.readonly","https://www.googleapis.com/auth/firebase","https://www.googleapis.com/auth/cloud-platform"]
[debug] [2021-05-16T08:09:27.289Z] > authorizing via signed-in user (jqndotio@gmail.com)
[info] 
     ######## #### ########  ######## ########     ###     ######  ########
     ##        ##  ##     ## ##       ##     ##  ##   ##  ##       ##
     ######    ##  ########  ######   ########  #########  ######  ######
     ##        ##  ##    ##  ##       ##     ## ##     ##       ## ##
     ##       #### ##     ## ######## ########  ##     ##  ######  ########

You're about to initialize a Firebase project in this directory:

  /Users/jqn/www/youtube-clone

[info] 
=== Project Setup
[info] 
[info] First, let's associate this project directory with a Firebase project.
[info] You can create multiple project aliases by running firebase use --add, 
[info] but for now we'll just set up a default project.
[info] 
[debug] [2021-05-16T08:11:01.722Z] >>> [apiv2][query] GET https://firebase.googleapis.com/v1beta1/projects pageSize=100
[debug] [2021-05-16T08:11:02.314Z] <<< [apiv2][status] GET https://firebase.googleapis.com/v1beta1/projects 200
[debug] [2021-05-16T08:11:02.314Z] <<< [apiv2][body] GET https://firebase.googleapis.com/v1beta1/projects [omitted]
[info] i  Using project reactor-labs (Reactor Labs) 
[info] 
=== Hosting Setup
[info] 
[info] Your public directory is the folder (relative to your project directory) that
[info] will contain Hosting assets to be uploaded with firebase deploy. If you
[info] have a build process for your assets, use your build's output directory.
[info] 
[debug] [2021-05-16T08:12:48.933Z] >>> [apiv2][query] GET https://www.gstatic.com/firebasejs/releases.json [none]
[debug] [2021-05-16T08:12:49.300Z] <<< [apiv2][status] GET https://www.gstatic.com/firebasejs/releases.json 200
[debug] [2021-05-16T08:12:49.301Z] <<< [apiv2][body] GET https://www.gstatic.com/firebasejs/releases.json {"current":{"version":"8.6.1","browserURL":"https://www.gstatic.com/firebasejs/8.6.1/firebase.js","packageURL":"https://www.gstatic.com/firebasejs/8.6.1/firebase.tgz"},"live":{"version":"8.6","browserURL":"https://www.gstatic.com/firebasejs/live/8.6/firebase.js","packageURL":"https://www.gstatic.com/firebasejs/live/8.6/firebase.tgz"},"components":{"analytics":"https://www.gstatic.com/firebasejs/8.6.1/firebase-analytics.js","app":"https://www.gstatic.com/firebasejs/8.6.1/firebase-app.js","app-check":"https://www.gstatic.com/firebasejs/8.6.1/firebase-app-check.js","auth":"https://www.gstatic.com/firebasejs/8.6.1/firebase-auth.js","database":"https://www.gstatic.com/firebasejs/8.6.1/firebase-database.js","firestore":"https://www.gstatic.com/firebasejs/8.6.1/firebase-firestore.js","functions":"https://www.gstatic.com/firebasejs/8.6.1/firebase-functions.js","installations":"https://www.gstatic.com/firebasejs/8.6.1/firebase-installations.js","messaging":"https://www.gstatic.com/firebasejs/8.6.1/firebase-messaging.js","storage":"https://www.gstatic.com/firebasejs/8.6.1/firebase-storage.js","performance":"https://www.gstatic.com/firebasejs/8.6.1/firebase-performance.js","remote-config":"https://www.gstatic.com/firebasejs/8.6.1/firebase-remote-config.js","firestore.memory":"https://www.gstatic.com/firebasejs/8.6.1/firebase-firestore.memory.js"}}
[info] ✔  Wrote build/index.html 
[info] 
[info] i  Detected a .git folder at /Users/jqn/www/youtube-clone 
[info] i  Authorizing with GitHub to upload your service account to a GitHub repository's secrets store. 
[info] 
[info] Visit this URL on this device to log in:
[info] https://github.com/login/oauth/authorize?client_id=89cf50f02ac6aaed3484&state=477706248&redirect_uri=http%3A%2F%2Flocalhost%3A9005&scope=read%3Auser%20repo%20public_repo
[info] 
[info] Waiting for authentication...
[debug] [2021-05-16T08:13:00.651Z] >>> HTTP REQUEST POST https://github.com/login/oauth/access_token  
 {"client_id":"89cf50f02ac6aaed3484","client_secret":"3330d14abc895d9a74d5f17cd7a00711fa2c5bf0","code":"509c4f548840beec6e9a","redirect_uri":"http://localhost:9005","state":"477706248"}
[debug] [2021-05-16T08:13:01.380Z] <<< HTTP RESPONSE 200 {"server":"GitHub.com","date":"Sun, 16 May 2021 08:13:01 GMT","content-type":"application/json; charset=utf-8","transfer-encoding":"chunked","vary":"X-PJAX, Accept-Encoding, Accept, X-Requested-With","permissions-policy":"interest-cohort=()","etag":"W/\"bda9c4df08c51725276bb3b9baeb6493\"","cache-control":"max-age=0, private, must-revalidate","strict-transport-security":"max-age=31536000; includeSubdomains; preload","x-frame-options":"deny","x-content-type-options":"nosniff","x-xss-protection":"0","referrer-policy":"origin-when-cross-origin, strict-origin-when-cross-origin","expect-ct":"max-age=2592000, report-uri=\"https://api.github.com/_private/browser/errors\"","content-security-policy":"default-src 'none'; base-uri 'self'; block-all-mixed-content; connect-src 'self' uploads.github.com www.githubstatus.com collector.githubapp.com api.github.com github-cloud.s3.amazonaws.com github-production-repository-file-5c1aeb.s3.amazonaws.com github-production-upload-manifest-file-7fdce7.s3.amazonaws.com github-production-user-asset-6210df.s3.amazonaws.com cdn.optimizely.com logx.optimizely.com/v1/events wss://alive.github.com; font-src github.githubassets.com; form-action 'self' github.com gist.github.com; frame-ancestors 'none'; frame-src render.githubusercontent.com; img-src 'self' data: github.githubassets.com identicons.github.com collector.githubapp.com github-cloud.s3.amazonaws.com secured-user-images.githubusercontent.com/ *.githubusercontent.com; manifest-src 'self'; media-src 'none'; script-src github.githubassets.com; style-src 'unsafe-inline' github.githubassets.com; worker-src github.com/socket-worker-3f088aa2.js gist.github.com/socket-worker-3f088aa2.js","x-github-request-id":"54F2:1214C:12ABF96:13B74D5:60A0D40C"}
[debug] [2021-05-16T08:13:01.384Z] >>> [apiv2][query] GET https://api.github.com/user [none]
[debug] [2021-05-16T08:13:01.700Z] <<< [apiv2][status] GET https://api.github.com/user 200
[debug] [2021-05-16T08:13:01.700Z] <<< [apiv2][body] GET https://api.github.com/user {"login":"jqn","id":9710893,"node_id":"MDQ6VXNlcjk3MTA4OTM=","avatar_url":"https://avatars.githubusercontent.com/u/9710893?v=4","gravatar_id":"","url":"https://api.github.com/users/jqn","html_url":"https://github.com/jqn","followers_url":"https://api.github.com/users/jqn/followers","following_url":"https://api.github.com/users/jqn/following{/other_user}","gists_url":"https://api.github.com/users/jqn/gists{/gist_id}","starred_url":"https://api.github.com/users/jqn/starred{/owner}{/repo}","subscriptions_url":"https://api.github.com/users/jqn/subscriptions","organizations_url":"https://api.github.com/users/jqn/orgs","repos_url":"https://api.github.com/users/jqn/repos","events_url":"https://api.github.com/users/jqn/events{/privacy}","received_events_url":"https://api.github.com/users/jqn/received_events","type":"User","site_admin":false,"name":"Joaquin Guardado","company":"Reactor Labs","blog":"https://reactorlabs.studio","location":"United States","email":"jqngl@icloud.com","hireable":true,"bio":"I'm a problem solver and a designer of meaningful experiences.","twitter_username":"IamJQN","public_repos":391,"public_gists":63,"followers":23,"following":83,"created_at":"2014-11-13T03:54:46Z","updated_at":"2021-05-16T08:13:00Z","private_gists":6,"total_private_repos":3,"owned_private_repos":3,"disk_usage":274306,"collaborators":0,"two_factor_authentication":false,"plan":{"name":"free","space":976562499,"collaborators":0,"private_repos":10000}}
[info] 
[info] ✔  Success! Logged into GitHub as jqn 
[info] 
[debug] [2021-05-16T08:14:24.718Z] >>> [apiv2][query] GET https://api.github.com/repos/https://github.com/jqn/youtube-clone.git/actions/secrets/public-key type=owner
[debug] [2021-05-16T08:14:24.949Z] <<< [apiv2][status] GET https://api.github.com/repos/https://github.com/jqn/youtube-clone.git/actions/secrets/public-key 404
[debug] [2021-05-16T08:14:24.949Z] <<< [apiv2][body] GET https://api.github.com/repos/https://github.com/jqn/youtube-clone.git/actions/secrets/public-key {"message":"Not Found","documentation_url":"https://docs.github.com/rest"}
